#
# An unexpected error has been detected by Java Runtime Environment:
#
#  EXCEPTION_ACCESS_VIOLATION (0xc0000005) at pc=0x6d982db8, pid=304, tid=2292
#
# Java VM: Java HotSpot(TM) Client VM (11.2-b01 mixed mode, sharing windows-x86)
# Problematic frame:
# V  [jvm.dll+0xd2db8]
#
# If you would like to submit a bug report, please visit:
#   http://java.sun.com/webapps/bugreport/crash.jsp
#

---------------  T H R E A D  ---------------

Current thread (0x03f40000):  JavaThread "Java2D Disposer" daemon [_thread_in_vm, id=2292, stack(0x03f70000,0x03fc0000)]

siginfo: ExceptionCode=0xc0000005, reading address 0x00000000

Registers:
EAX=0x00000000, EBX=0x00000000, ECX=0x03fbfa84, EDX=0x03fbfae9
ESP=0x03fbfa30, EBP=0x018ead40, ESI=0x03f40000, EDI=0x03f3eef0
EIP=0x6d982db8, EFLAGS=0x00010203

Top of Stack: (sp=0x03fbfa30)
0x03fbfa30:   018e10e8 03fbfbe8 03f40114 03f40000
0x03fbfa40:   00000000 00000003 2c50ecf0 018e94f0
0x03fbfa50:   018e94f8 018e98e4 018ead4c 23712728
0x03fbfa60:   00000016 03f40000 23712728 6d8b84b6
0x03fbfa70:   00000001 23712728 00000016 00000016
0x03fbfa80:   00000000 018ead40 6da5f322 018ead4c
0x03fbfa90:   00000016 003f8430 03fbfc20 018ead3c
0x03fbfaa0:   0000002a 003f8430 03fbfaf4 6d94dd10 

Instructions: (pc=0x6d982db8)
0x6d982da8:   8c 24 c4 00 00 00 89 2c 81 ff 84 24 d0 00 00 00
0x6d982db8:   8b 03 8b 50 08 0f b7 4a 26 8b 50 0c 8b 44 8a 1c 


Stack: [0x03f70000,0x03fc0000],  sp=0x03fbfa30,  free space=318k
Native frames: (J=compiled Java code, j=interpreted, Vv=VM code, C=native code)
V  [jvm.dll+0xd2db8]

Java frames: (J=compiled Java code, j=interpreted, Vv=VM code)
j  java.awt.Cursor.finalizeImpl(J)V+0
j  java.awt.Cursor.access$000(J)V+1
j  java.awt.Cursor$CursorDisposer.dispose()V+13
j  sun.java2d.Disposer.run()V+26
j  java.lang.Thread.run()V+11
v  ~StubRoutines::call_stub

---------------  P R O C E S S  ---------------

Java Threads: ( => current thread )
  0x0438e400 JavaThread "TimerQueue" daemon [_thread_blocked, id=3876, stack(0x07b10000,0x07b60000)]
  0x04312800 JavaThread "Trident pulse source thread" daemon [_thread_blocked, id=1880, stack(0x07ac0000,0x07b10000)]
  0x04599400 JavaThread "Trident callback thread" daemon [_thread_blocked, id=2956, stack(0x04c80000,0x04cd0000)]
  0x01965000 JavaThread "Substance heap status" daemon [_thread_blocked, id=3320, stack(0x04be0000,0x04c30000)]
  0x003fa400 JavaThread "DestroyJavaVM" [_thread_blocked, id=1492, stack(0x00370000,0x003c0000)]
  0x03f43000 JavaThread "AWT-EventQueue-0" [_thread_blocked, id=3160, stack(0x042b0000,0x04300000)]
  0x03f42400 JavaThread "AWT-Shutdown" [_thread_blocked, id=880, stack(0x04190000,0x041e0000)]
=>0x03f40000 JavaThread "Java2D Disposer" daemon [_thread_in_vm, id=2292, stack(0x03f70000,0x03fc0000)]
  0x018f5000 JavaThread "Low Memory Detector" daemon [_thread_blocked, id=2944, stack(0x03cb0000,0x03d00000)]
  0x018f0400 JavaThread "CompilerThread0" daemon [_thread_blocked, id=2832, stack(0x03c60000,0x03cb0000)]
  0x018f0000 JavaThread "Attach Listener" daemon [_thread_blocked, id=2828, stack(0x03c10000,0x03c60000)]
  0x018e5400 JavaThread "Signal Dispatcher" daemon [_thread_blocked, id=1604, stack(0x03bc0000,0x03c10000)]
  0x018d6800 JavaThread "Finalizer" daemon [_thread_blocked, id=2872, stack(0x03b70000,0x03bc0000)]
  0x018d5400 JavaThread "Reference Handler" daemon [_thread_blocked, id=3472, stack(0x03b20000,0x03b70000)]

Other Threads:
  0x018d3800 VMThread [stack: 0x03ad0000,0x03b20000] [id=4088]
  0x01907000 WatcherThread [stack: 0x03d00000,0x03d50000] [id=936]

VM state:not at safepoint (normal execution)

VM Mutex/Monitor currently owned by a thread: None

Heap
 def new generation   total 2112K, used 38K [0x23710000, 0x23950000, 0x23bf0000)
  eden space 1920K,   1% used [0x23710000, 0x23719968, 0x238f0000)
  from space 192K,   0% used [0x238f0000, 0x238f0000, 0x23920000)
  to   space 192K,   0% used [0x23920000, 0x23920000, 0x23950000)
 tenured generation   total 26792K, used 16074K [0x23bf0000, 0x2561a000, 0x27710000)
   the space 26792K,  59% used [0x23bf0000, 0x24ba2a38, 0x24ba2c00, 0x2561a000)
 compacting perm gen  total 12288K, used 10721K [0x27710000, 0x28310000, 0x2b710000)
   the space 12288K,  87% used [0x27710000, 0x281886c8, 0x28188800, 0x28310000)
    ro space 8192K,  67% used [0x2b710000, 0x2bc77448, 0x2bc77600, 0x2bf10000)
    rw space 12288K,  53% used [0x2bf10000, 0x2c584d58, 0x2c584e00, 0x2cb10000)

Dynamic libraries:
0x00400000 - 0x00424000 	C:\Program Files\Java\jdk1.6.0_12\jre\bin\java.exe
0x77920000 - 0x77a5c000 	C:\Windows\SYSTEM32\ntdll.dll
0x76f10000 - 0x76fe4000 	C:\Windows\system32\kernel32.dll
0x75b10000 - 0x75b5a000 	C:\Windows\system32\KERNELBASE.dll
0x76d50000 - 0x76df0000 	C:\Windows\system32\ADVAPI32.dll
0x75f30000 - 0x75fdc000 	C:\Windows\system32\msvcrt.dll
0x77a60000 - 0x77a79000 	C:\Windows\SYSTEM32\sechost.dll
0x77080000 - 0x77121000 	C:\Windows\system32\RPCRT4.dll
0x7c340000 - 0x7c396000 	C:\Program Files\Java\jdk1.6.0_12\jre\bin\msvcr71.dll
0x6d8b0000 - 0x6db06000 	C:\Program Files\Java\jdk1.6.0_12\jre\bin\client\jvm.dll
0x75d80000 - 0x75e49000 	C:\Windows\system32\USER32.dll
0x776d0000 - 0x7771e000 	C:\Windows\system32\GDI32.dll
0x75d70000 - 0x75d7a000 	C:\Windows\system32\LPK.dll
0x75fe0000 - 0x7607d000 	C:\Windows\system32\USP10.dll
0x73aa0000 - 0x73ad2000 	C:\Windows\system32\WINMM.dll
0x76df0000 - 0x76e0f000 	C:\Windows\system32\IMM32.DLL
0x75e60000 - 0x75f2c000 	C:\Windows\system32\MSCTF.dll
0x75950000 - 0x7599b000 	C:\Windows\system32\apphelp.dll
0x6d340000 - 0x6d348000 	C:\Program Files\Java\jdk1.6.0_12\jre\bin\hpi.dll
0x75e50000 - 0x75e55000 	C:\Windows\system32\PSAPI.DLL
0x6d860000 - 0x6d86c000 	C:\Program Files\Java\jdk1.6.0_12\jre\bin\verify.dll
0x6d3e0000 - 0x6d3ff000 	C:\Program Files\Java\jdk1.6.0_12\jre\bin\java.dll
0x6d8a0000 - 0x6d8af000 	C:\Program Files\Java\jdk1.6.0_12\jre\bin\zip.dll
0x6d0b0000 - 0x6d1fa000 	C:\Program Files\Java\jdk1.6.0_12\jre\bin\awt.dll
0x73b00000 - 0x73b51000 	C:\Windows\system32\WINSPOOL.DRV
0x77130000 - 0x7728c000 	C:\Windows\system32\ole32.dll
0x778c0000 - 0x77917000 	C:\Windows\system32\SHLWAPI.dll
0x74510000 - 0x74523000 	C:\Windows\system32\DWMAPI.DLL
0x74810000 - 0x74850000 	C:\Windows\system32\uxtheme.dll
0x75a50000 - 0x75a5c000 	C:\Windows\system32\CRYPTBASE.dll
0x76100000 - 0x76d49000 	C:\Windows\system32\shell32.dll
0x6d2e0000 - 0x6d334000 	C:\Program Files\Java\jdk1.6.0_12\jre\bin\fontmanager.dll
0x6d6c0000 - 0x6d6d3000 	C:\Program Files\Java\jdk1.6.0_12\jre\bin\net.dll
0x76e80000 - 0x76eb5000 	C:\Windows\system32\WS2_32.dll
0x76e10000 - 0x76e16000 	C:\Windows\system32\NSI.dll
0x754b0000 - 0x754ec000 	C:\Windows\system32\mswsock.dll
0x754a0000 - 0x754a6000 	C:\Windows\System32\wship6.dll
0x6d6e0000 - 0x6d6e9000 	C:\Program Files\Java\jdk1.6.0_12\jre\bin\nio.dll
0x738c0000 - 0x738dc000 	C:\Windows\system32\IPHLPAPI.DLL
0x738b0000 - 0x738b7000 	C:\Windows\system32\WINNSI.DLL
0x6d620000 - 0x6d6b3000 	C:\Program Files\Java\jdk1.6.0_12\jre\bin\mlib_image.dll
0x6d250000 - 0x6d273000 	C:\Program Files\Java\jdk1.6.0_12\jre\bin\dcpr.dll
0x76ff0000 - 0x7707f000 	C:\Windows\system32\OLEAUT32.DLL
0x73d10000 - 0x73d20000 	C:\Windows\system32\NLAapi.dll
0x75370000 - 0x753b4000 	C:\Windows\system32\DNSAPI.dll
0x718c0000 - 0x718c8000 	C:\Windows\System32\winrnr.dll
0x718b0000 - 0x718c0000 	C:\Windows\system32\napinsp.dll
0x71890000 - 0x718a2000 	C:\Windows\system32\pnrpnsp.dll
0x16080000 - 0x16099000 	C:\Program Files\Bonjour\mdnsNSP.dll
0x71860000 - 0x71887000 	C:\Program Files\Common Files\Microsoft Shared\Windows Live\WLIDNSP.DLL
0x74fc0000 - 0x74fc5000 	C:\Windows\System32\wshtcpip.dll
0x71710000 - 0x71716000 	C:\Windows\system32\rasadhlp.dll
0x739c0000 - 0x739f8000 	C:\Windows\System32\fwpuclnt.dll
0x6d500000 - 0x6d524000 	C:\Program Files\Java\jdk1.6.0_12\jre\bin\jpeg.dll
0x754f0000 - 0x75506000 	C:\Windows\system32\CRYPTSP.dll
0x75290000 - 0x752cb000 	C:\Windows\system32\rsaenh.dll
0x75090000 - 0x750a7000 	C:\Windows\system32\USERENV.dll
0x75aa0000 - 0x75aab000 	C:\Windows\system32\profapi.dll

VM Arguments:
java_command: conta.CONTAApp
Launcher Type: SUN_STANDARD

Environment Variables:
JAVA_HOME=C:\Program Files\Java\jdk1.6.0_12
PATH=C:\Program Files\Common Files\Microsoft Shared\Windows Live;C:\Program Files\PC Connectivity Solution\;C:\Windows\system32;C:\Windows;C:\Windows\System32\Wbem;C:\Windows\System32\WindowsPowerShell\v1.0\;C:\Program Files\Java\jdk1.6.0_12\bin;C:\Program Files\Windows Live\Shared
USERNAME=IVONNE
OS=Windows_NT
PROCESSOR_IDENTIFIER=x86 Family 15 Model 72 Stepping 2, AuthenticAMD



---------------  S Y S T E M  ---------------

OS: Windows NT 6.1 Build 7600 

CPU:total 2 (2 cores per cpu, 1 threads per core) family 15 model 72 stepping 2, cmov, cx8, fxsr, mmx, sse, sse2, sse3, mmxext, 3dnow, 3dnowext

Memory: 4k page, physical 981616k(73848k free), swap 2196080k(530880k free)

vm_info: Java HotSpot(TM) Client VM (11.2-b01) for windows-x86 JRE (1.6.0_12-b04), built on Jan 17 2009 09:57:14 by "java_re" with MS VC++ 7.1

time: Mon Nov 29 01:43:18 2010
elapsed time: 206 seconds

